Using pre-set license
Built from '2020.3/staging' branch; Version is '2020.3.26f1 (7298b473bc1a) revision 7510196'; Using compiler version '192528614'; Build Type 'Release'
OS: 'Windows 10  (10.0.19045) 64bit Education' Language: 'en' Physical Memory: 32718 MB
BatchMode: 1, IsHumanControllingUs: 0, StartBugReporterOnCrash: 0, Is64bit: 1, IsPro: 0

COMMAND LINE ARGUMENTS:
C:\Program Files\Unity\Hub\Editor\2020.3.26f1\Editor\Unity.exe
-adb2
-batchMode
-noUpm
-name
AssetImportWorker0
-projectPath
C:/Users/ricar/Desktop/Portafolio/GGJ2022-main/GGJ2022KOTHaaaa
-logFile
Logs/AssetImportWorker0.log
-srvPort
53305
Successfully changed project path to: C:/Users/ricar/Desktop/Portafolio/GGJ2022-main/GGJ2022KOTHaaaa
C:/Users/ricar/Desktop/Portafolio/GGJ2022-main/GGJ2022KOTHaaaa
Using Asset Import Pipeline V2.
Refreshing native plugins compatible for Editor in 84.22 ms, found 2 plugins.
Preloading 0 native plugins for Editor in 0.00 ms.
Initialize engine version: 2020.3.26f1 (7298b473bc1a)
[Subsystems] Discovering subsystems at path C:/Program Files/Unity/Hub/Editor/2020.3.26f1/Editor/Data/Resources/UnitySubsystems
[Subsystems] Discovering subsystems at path C:/Users/ricar/Desktop/Portafolio/GGJ2022-main/GGJ2022KOTHaaaa/Assets
GfxDevice: creating device client; threaded=0
Direct3D:
    Version:  Direct3D 11.0 [level 11.1]
    Renderer: NVIDIA GeForce RTX 3070 (ID=0x2484)
    Vendor:   
    VRAM:     8018 MB
    Driver:   32.0.15.6070
Initialize mono
Mono path[0] = 'C:/Program Files/Unity/Hub/Editor/2020.3.26f1/Editor/Data/Managed'
Mono path[1] = 'C:/Program Files/Unity/Hub/Editor/2020.3.26f1/Editor/Data/MonoBleedingEdge/lib/mono/unityjit'
Mono config path = 'C:/Program Files/Unity/Hub/Editor/2020.3.26f1/Editor/Data/MonoBleedingEdge/etc'
Using monoOptions --debugger-agent=transport=dt_socket,embedding=1,server=y,suspend=n,address=127.0.0.1:56408
Begin MonoManager ReloadAssembly
Registering precompiled unity dll's ...
Register platform support module: C:/Program Files/Unity/Hub/Editor/2020.3.26f1/Editor/Data/PlaybackEngines/WindowsStandaloneSupport/UnityEditor.WindowsStandalone.Extensions.dll
Registered in 0.003434 seconds.
Native extension for WindowsStandalone target not found
Refreshing native plugins compatible for Editor in 84.36 ms, found 2 plugins.
Preloading 0 native plugins for Editor in 0.00 ms.
Mono: successfully reloaded assembly
- Completed reload, in  0.708 seconds
Domain Reload Profiling:
	ReloadAssembly (708ms)
		BeginReloadAssembly (67ms)
			ExecutionOrderSort (0ms)
			DisableScriptedObjects (0ms)
			BackupInstance (0ms)
			ReleaseScriptingObjects (0ms)
			CreateAndSetChildDomain (1ms)
		EndReloadAssembly (552ms)
			LoadAssemblies (63ms)
			RebuildTransferFunctionScriptingTraits (0ms)
			SetupTypeCache (174ms)
			ReleaseScriptCaches (0ms)
			RebuildScriptCaches (30ms)
			SetupLoadedEditorAssemblies (234ms)
				LogAssemblyErrors (0ms)
				InitializePlatformSupportModulesInManaged (5ms)
				SetLoadedEditorAssemblies (0ms)
				RefreshPlugins (84ms)
				BeforeProcessingInitializeOnLoad (17ms)
				ProcessInitializeOnLoadAttributes (91ms)
				ProcessInitializeOnLoadMethodAttributes (36ms)
				AfterProcessingInitializeOnLoad (0ms)
				EditorAssembliesLoaded (0ms)
			ExecutionOrderSort2 (0ms)
			AwakeInstancesAfterBackupRestoration (0ms)
Platform modules already initialized, skipping
Registering precompiled user dll's ...
Registered in 0.008480 seconds.
Begin MonoManager ReloadAssembly
Native extension for WindowsStandalone target not found
Refreshing native plugins compatible for Editor in 87.57 ms, found 2 plugins.
Preloading 0 native plugins for Editor in 0.00 ms.
Mono: successfully reloaded assembly
- Completed reload, in  1.584 seconds
Domain Reload Profiling:
	ReloadAssembly (1585ms)
		BeginReloadAssembly (170ms)
			ExecutionOrderSort (0ms)
			DisableScriptedObjects (6ms)
			BackupInstance (0ms)
			ReleaseScriptingObjects (0ms)
			CreateAndSetChildDomain (20ms)
		EndReloadAssembly (1324ms)
			LoadAssemblies (120ms)
			RebuildTransferFunctionScriptingTraits (0ms)
			SetupTypeCache (421ms)
			ReleaseScriptCaches (1ms)
			RebuildScriptCaches (93ms)
			SetupLoadedEditorAssemblies (545ms)
				LogAssemblyErrors (0ms)
				InitializePlatformSupportModulesInManaged (4ms)
				SetLoadedEditorAssemblies (0ms)
				RefreshPlugins (88ms)
				BeforeProcessingInitializeOnLoad (130ms)
				ProcessInitializeOnLoadAttributes (291ms)
				ProcessInitializeOnLoadMethodAttributes (19ms)
				AfterProcessingInitializeOnLoad (13ms)
				EditorAssembliesLoaded (0ms)
			ExecutionOrderSort2 (0ms)
			AwakeInstancesAfterBackupRestoration (7ms)
Platform modules already initialized, skipping
========================================================================
Worker process is ready to serve import requests
Launched and connected shader compiler UnityShaderCompiler.exe after 0.05 seconds
Refreshing native plugins compatible for Editor in 0.89 ms, found 2 plugins.
Preloading 0 native plugins for Editor in 0.00 ms.
Unloading 3926 Unused Serialized files (Serialized files now loaded: 0)
System memory in use before: 165.7 MB.
System memory in use after: 165.9 MB.

Unloading 28 unused Assets to reduce memory usage. Loaded Objects now: 4364.
Total: 4.643000 ms (FindLiveObjects: 0.370800 ms CreateObjectMapping: 0.095500 ms MarkObjects: 4.079500 ms  DeleteObjects: 0.095400 ms)

AssetImportParameters requested are different than current active one (requested -> active):
  custom:framework-win-MediaFoundation: 216162199b28c13a410421893ffa2e32 -> 
  custom:video-decoder-ogg-theora: a1e56fd34408186e4bbccfd4996cb3dc -> 
  custom:container-muxer-webm: aa71ff27fc2769a1b78a27578f13a17b -> 
  custom:container-demuxer-webm: 4f35f7cbe854078d1ac9338744f61a02 -> 
  custom:container-demuxer-ogg: 62fdf1f143b41e24485cea50d1cbac27 -> 
  custom:video-encoder-webm-vp8: eb34c28f22e8b96e1ab97ce403110664 -> 
  custom:video-decoder-webm-vp8: 9c59270c3fd7afecdb556c50c9e8de78 -> 
  custom:audio-decoder-ogg-vorbis: bf7c407c2cedff20999df2af8eb42d56 -> 
  custom:audio-encoder-webm-vorbis: bf7c407c2cedff20999df2af8eb42d56 -> 
========================================================================
Received Import Request.
  path: Assets/Prefabs
  artifactKey: Guid(6ad938f93926a0f429bbec5249811568) Importer(815301076,1909f56bfc062723c751e8b465ee728b)
Start importing Assets/Prefabs using Guid(6ad938f93926a0f429bbec5249811568) Importer(815301076,1909f56bfc062723c751e8b465ee728b)  -> (artifact id: '493ef7bb6264d406d922c1f42f4fc0e0') in 0.015357 seconds 
  Import took 0.020788 seconds .

========================================================================
Received Import Request.
  Time since last request: 0.000224 seconds.
  path: Assets/Prefabs/Spawn1.prefab
  artifactKey: Guid(d4395b5e5c272ef4b840330fb05f217a) Importer(815301076,1909f56bfc062723c751e8b465ee728b)
Start importing Assets/Prefabs/Spawn1.prefab using Guid(d4395b5e5c272ef4b840330fb05f217a) Importer(815301076,1909f56bfc062723c751e8b465ee728b)  -> (artifact id: 'c954491e36b80d1a1212b31cfa7d4b6c') in 0.057886 seconds 
  Import took 0.063928 seconds .

========================================================================
Received Import Request.
  Time since last request: 0.000229 seconds.
  path: Assets/Prefabs/ThroneDecoy.prefab
  artifactKey: Guid(be3e2cf49841d7a408248c23aeb0b61f) Importer(815301076,1909f56bfc062723c751e8b465ee728b)
Start importing Assets/Prefabs/ThroneDecoy.prefab using Guid(be3e2cf49841d7a408248c23aeb0b61f) Importer(815301076,1909f56bfc062723c751e8b465ee728b)  -> (artifact id: '3b05858b199e9d6c0eb4817e8a99e8a6') in 0.758399 seconds 
  Import took 0.765307 seconds .

========================================================================
Received Import Request.
  Time since last request: 0.000208 seconds.
  path: Assets/Prefabs/PlayerManager 2.prefab
  artifactKey: Guid(3e7135b6b53a11240b2d67bd8e5d1ae8) Importer(815301076,1909f56bfc062723c751e8b465ee728b)
Start importing Assets/Prefabs/PlayerManager 2.prefab using Guid(3e7135b6b53a11240b2d67bd8e5d1ae8) Importer(815301076,1909f56bfc062723c751e8b465ee728b)  -> (artifact id: 'b131b78c2a24ed27fd1b3e884d66600d') in 0.174435 seconds 
  Import took 0.185863 seconds .

========================================================================
Received Import Request.
  Time since last request: 0.000196 seconds.
  path: Assets/Prefabs/title2.png
  artifactKey: Guid(1b2e3305f5a28f74f9b3ddfab35745dd) Importer(815301076,1909f56bfc062723c751e8b465ee728b)
Start importing Assets/Prefabs/title2.png using Guid(1b2e3305f5a28f74f9b3ddfab35745dd) Importer(815301076,1909f56bfc062723c751e8b465ee728b)  -> (artifact id: 'b5973b931404227ce59c84e3a84a3465') in 0.093729 seconds 
  Import took 0.099607 seconds .

========================================================================
Received Import Request.
  Time since last request: 0.000208 seconds.
  path: Assets/Prefabs/Bullet.prefab
  artifactKey: Guid(faaadc4136bf28544b0788843b6adfe9) Importer(815301076,1909f56bfc062723c751e8b465ee728b)
Start importing Assets/Prefabs/Bullet.prefab using Guid(faaadc4136bf28544b0788843b6adfe9) Importer(815301076,1909f56bfc062723c751e8b465ee728b)  -> (artifact id: '4fe1f3c309b1ae5dfd4da7071a8bbf9a') in 0.328522 seconds 
  Import took 0.334175 seconds .

========================================================================
Received Import Request.
  Time since last request: 0.000290 seconds.
  path: Assets/Prefabs/Press Any Button.prefab
  artifactKey: Guid(e9f7b294481a58349a6ea6437819e06c) Importer(815301076,1909f56bfc062723c751e8b465ee728b)
Start importing Assets/Prefabs/Press Any Button.prefab using Guid(e9f7b294481a58349a6ea6437819e06c) Importer(815301076,1909f56bfc062723c751e8b465ee728b)  -> (artifact id: '960e7c256a516453bbfba3806bb34950') in 0.019439 seconds 
  Import took 0.025132 seconds .

========================================================================
Received Import Request.
  Time since last request: 0.000194 seconds.
  path: Assets/main wall.fbx
  artifactKey: Guid(7715d42672d272b43be12becbf8cba61) Importer(815301076,1909f56bfc062723c751e8b465ee728b)
Start importing Assets/main wall.fbx using Guid(7715d42672d272b43be12becbf8cba61) Importer(815301076,1909f56bfc062723c751e8b465ee728b)  -> (artifact id: 'eca8565923c2abfa816ac60aab295881') in 0.674529 seconds 
  Import took 0.680842 seconds .

========================================================================
Received Import Request.
  Time since last request: 0.000211 seconds.
  path: Assets/tile speed.fbx
  artifactKey: Guid(e622a9d238af70447b9ec8c26d13b063) Importer(815301076,1909f56bfc062723c751e8b465ee728b)
Start importing Assets/tile speed.fbx using Guid(e622a9d238af70447b9ec8c26d13b063) Importer(815301076,1909f56bfc062723c751e8b465ee728b)  -> (artifact id: 'b0d4c15b990845301718fcd0693a991e') in 0.433999 seconds 
  Import took 0.441929 seconds .

========================================================================
Received Import Request.
  Time since last request: 0.000334 seconds.
  path: Assets/Prefabs/ReticlePlaceholder.prefab
  artifactKey: Guid(8a0e693ba52c89b45b176c878bf52b8a) Importer(815301076,1909f56bfc062723c751e8b465ee728b)
Start importing Assets/Prefabs/ReticlePlaceholder.prefab using Guid(8a0e693ba52c89b45b176c878bf52b8a) Importer(815301076,1909f56bfc062723c751e8b465ee728b)  -> (artifact id: '812974042a3b55718308ffea5e714787') in 0.029285 seconds 
  Import took 0.038893 seconds .

========================================================================
Received Import Request.
  Time since last request: 0.000239 seconds.
  path: Assets/Prefabs/GodPoweupTest.prefab
  artifactKey: Guid(29303aadb4530564196ef39a85abe711) Importer(815301076,1909f56bfc062723c751e8b465ee728b)
Start importing Assets/Prefabs/GodPoweupTest.prefab using Guid(29303aadb4530564196ef39a85abe711) Importer(815301076,1909f56bfc062723c751e8b465ee728b)  -> (artifact id: 'ee74ced3ab635e2525df29615ce61fac') in 0.020382 seconds 
  Import took 0.027411 seconds .

========================================================================
Received Import Request.
  Time since last request: 0.000289 seconds.
  path: Assets/Scenes/TestLobby.unity
  artifactKey: Guid(e99cf3985e00ac54b8d1ae00b6541696) Importer(815301076,1909f56bfc062723c751e8b465ee728b)
Start importing Assets/Scenes/TestLobby.unity using Guid(e99cf3985e00ac54b8d1ae00b6541696) Importer(815301076,1909f56bfc062723c751e8b465ee728b)  -> (artifact id: '511544819091ef6bc21fce545b1fea78') in 0.012391 seconds 
  Import took 0.020481 seconds .

========================================================================
Received Import Request.
  Time since last request: 0.000258 seconds.
  path: Assets/tile respawn.fbx
  artifactKey: Guid(9edb44c004445fa4590eb46aa271e8b7) Importer(815301076,1909f56bfc062723c751e8b465ee728b)
Start importing Assets/tile respawn.fbx using Guid(9edb44c004445fa4590eb46aa271e8b7) Importer(815301076,1909f56bfc062723c751e8b465ee728b)  -> (artifact id: '063698e890581a284188b8042858e98b') in 0.650570 seconds 
  Import took 0.667828 seconds .

========================================================================
Received Import Request.
  Time since last request: 0.000256 seconds.
  path: Assets/Prefabs/GodRay.prefab
  artifactKey: Guid(bb17af6f4d07e5e41b82aae59b070982) Importer(815301076,1909f56bfc062723c751e8b465ee728b)
Start importing Assets/Prefabs/GodRay.prefab using Guid(bb17af6f4d07e5e41b82aae59b070982) Importer(815301076,1909f56bfc062723c751e8b465ee728b)  -> (artifact id: '34698a573a51abe8463dfe0db64d4feb') in 0.061056 seconds 
  Import took 0.074966 seconds .

========================================================================
Received Import Request.
  Time since last request: 0.000282 seconds.
  path: Assets/Prefabs/Spawn3.prefab
  artifactKey: Guid(165526fba6755af46bcef2fbfea15911) Importer(815301076,1909f56bfc062723c751e8b465ee728b)
Start importing Assets/Prefabs/Spawn3.prefab using Guid(165526fba6755af46bcef2fbfea15911) Importer(815301076,1909f56bfc062723c751e8b465ee728b)  -> (artifact id: 'a4b3eb536bf2bd7bf6158e7dd1dc8dc9') in 0.014199 seconds 
  Import took 0.021406 seconds .

========================================================================
Received Import Request.
  Time since last request: 0.000209 seconds.
  path: Assets/Prefabs/Throne.prefab
  artifactKey: Guid(a204b2bd40f078b46a931abb49ecc717) Importer(815301076,1909f56bfc062723c751e8b465ee728b)
Start importing Assets/Prefabs/Throne.prefab using Guid(a204b2bd40f078b46a931abb49ecc717) Importer(815301076,1909f56bfc062723c751e8b465ee728b)  -> (artifact id: 'e545f3eeda5d291f7789207bd14e5561') in 0.053086 seconds 
  Import took 0.059822 seconds .

========================================================================
Received Import Request.
  Time since last request: 0.000253 seconds.
  path: Assets/Prefabs/Spawn2.prefab
  artifactKey: Guid(3d00d56008c25794bbab3a3a85d05e92) Importer(815301076,1909f56bfc062723c751e8b465ee728b)
Start importing Assets/Prefabs/Spawn2.prefab using Guid(3d00d56008c25794bbab3a3a85d05e92) Importer(815301076,1909f56bfc062723c751e8b465ee728b)  -> (artifact id: '4dc06aeebedaf7052d52e8d1bdb6345e') in 0.013562 seconds 
  Import took 0.019295 seconds .

========================================================================
Received Import Request.
  Time since last request: 0.000210 seconds.
  path: Assets/Prefabs/Spawners.prefab
  artifactKey: Guid(5332c5b5aac33c1479ee7404ec7f0945) Importer(815301076,1909f56bfc062723c751e8b465ee728b)
Start importing Assets/Prefabs/Spawners.prefab using Guid(5332c5b5aac33c1479ee7404ec7f0945) Importer(815301076,1909f56bfc062723c751e8b465ee728b)  -> (artifact id: '904c1dd1ebbba59e7909d7065512d7fb') in 0.013199 seconds 
  Import took 0.018560 seconds .

========================================================================
Received Import Request.
  Time since last request: 0.000213 seconds.
  path: Assets/Scenes/WINNER.wav
  artifactKey: Guid(e4accd70bb8c054419e3a2127304879e) Importer(815301076,1909f56bfc062723c751e8b465ee728b)
Start importing Assets/Scenes/WINNER.wav using Guid(e4accd70bb8c054419e3a2127304879e) Importer(815301076,1909f56bfc062723c751e8b465ee728b)  -> (artifact id: '9eb8c675758ceb007ec77251d4a2a00a') in 0.033207 seconds 
  Import took 0.038482 seconds .

========================================================================
Received Import Request.
  Time since last request: 0.000214 seconds.
  path: Assets/Prefabs/PostProcessingVolume.prefab
  artifactKey: Guid(0cb88c5738fcf814cbf1158ba956f3e9) Importer(815301076,1909f56bfc062723c751e8b465ee728b)
Start importing Assets/Prefabs/PostProcessingVolume.prefab using Guid(0cb88c5738fcf814cbf1158ba956f3e9) Importer(815301076,1909f56bfc062723c751e8b465ee728b)  -> (artifact id: '3b6595a32bf5d91467e2e854f76532f9') in 0.015781 seconds 
  Import took 0.021580 seconds .

========================================================================
Received Import Request.
  Time since last request: 0.000197 seconds.
  path: Assets/Prefabs/Win Text.prefab
  artifactKey: Guid(604dbddf60463e64e8a0858eb6b6957b) Importer(815301076,1909f56bfc062723c751e8b465ee728b)
Start importing Assets/Prefabs/Win Text.prefab using Guid(604dbddf60463e64e8a0858eb6b6957b) Importer(815301076,1909f56bfc062723c751e8b465ee728b)  -> (artifact id: '9bf553859e51b1b92247b2fdbaabbc87') in 0.013962 seconds 
  Import took 0.019230 seconds .

========================================================================
Received Import Request.
  Time since last request: 0.000212 seconds.
  path: Assets/Prefabs/Exorcise.prefab
  artifactKey: Guid(302e12920fee16c45816f3dc0237fa68) Importer(815301076,1909f56bfc062723c751e8b465ee728b)
Start importing Assets/Prefabs/Exorcise.prefab using Guid(302e12920fee16c45816f3dc0237fa68) Importer(815301076,1909f56bfc062723c751e8b465ee728b)  -> (artifact id: 'd378cad71692cc27275171959c53905b') in 0.012768 seconds 
  Import took 0.018268 seconds .

========================================================================
Received Import Request.
  Time since last request: 0.000202 seconds.
  path: Assets/Prefabs/Spawn4.prefab
  artifactKey: Guid(ebb33ca69414189438cf8696e73ae250) Importer(815301076,1909f56bfc062723c751e8b465ee728b)
Start importing Assets/Prefabs/Spawn4.prefab using Guid(ebb33ca69414189438cf8696e73ae250) Importer(815301076,1909f56bfc062723c751e8b465ee728b)  -> (artifact id: '2d197024c1073dc30e2e1597505ade4e') in 0.013518 seconds 
  Import took 0.020578 seconds .

========================================================================
Received Import Request.
  Time since last request: 0.000205 seconds.
  path: Assets/spikes.fbx
  artifactKey: Guid(b375ff98edb1841498e2b6e33f79c57c) Importer(815301076,1909f56bfc062723c751e8b465ee728b)
Start importing Assets/spikes.fbx using Guid(b375ff98edb1841498e2b6e33f79c57c) Importer(815301076,1909f56bfc062723c751e8b465ee728b)  -> (artifact id: '9e805b454e3c4e1e2555cf62008bfd1e') in 0.479924 seconds 
  Import took 0.486735 seconds .

========================================================================
Received Import Request.
  Time since last request: 0.000324 seconds.
  path: Assets/Prefabs/AliveCat.prefab
  artifactKey: Guid(3e62a168a6a946b4ebb05b8d9d76490f) Importer(815301076,1909f56bfc062723c751e8b465ee728b)
Start importing Assets/Prefabs/AliveCat.prefab using Guid(3e62a168a6a946b4ebb05b8d9d76490f) Importer(815301076,1909f56bfc062723c751e8b465ee728b)  -> (artifact id: '590feb45401725ef19ff93eea1916c20') in 0.285471 seconds 
  Import took 0.292617 seconds .

========================================================================
Received Import Request.
  Time since last request: 0.000208 seconds.
  path: Assets/Prefabs/RespawnPointTest.prefab
  artifactKey: Guid(a8c88e830fbc37f4f92951eff681fd81) Importer(815301076,1909f56bfc062723c751e8b465ee728b)
Start importing Assets/Prefabs/RespawnPointTest.prefab using Guid(a8c88e830fbc37f4f92951eff681fd81) Importer(815301076,1909f56bfc062723c751e8b465ee728b)  -> (artifact id: '8332f6086c7abbae0d33160811204142') in 0.019044 seconds 
  Import took 0.024923 seconds .

========================================================================
Received Import Request.
  Time since last request: 0.000190 seconds.
  path: Assets/floor.fbx
  artifactKey: Guid(76cae365fc596c045985667927807208) Importer(815301076,1909f56bfc062723c751e8b465ee728b)
Start importing Assets/floor.fbx using Guid(76cae365fc596c045985667927807208) Importer(815301076,1909f56bfc062723c751e8b465ee728b)  -> (artifact id: '8080de93504c20f1c856167b90fe48cb') in 0.501467 seconds 
  Import took 0.507570 seconds .

========================================================================
Received Import Request.
  Time since last request: 0.000203 seconds.
  path: Assets/Prefabs/Cat.prefab
  artifactKey: Guid(b3186bf4e0793b648a6946b5c66de2ab) Importer(815301076,1909f56bfc062723c751e8b465ee728b)
Start importing Assets/Prefabs/Cat.prefab using Guid(b3186bf4e0793b648a6946b5c66de2ab) Importer(815301076,1909f56bfc062723c751e8b465ee728b)  -> (artifact id: '976a478b3ef1c631de1b6896e6d703e4') in 0.700600 seconds 
  Import took 0.707040 seconds .

========================================================================
Received Import Request.
  Time since last request: 0.000210 seconds.
  path: Assets/Prefabs/PlayerManager 1.prefab
  artifactKey: Guid(784335fce04d2214bb1b8d188b855a84) Importer(815301076,1909f56bfc062723c751e8b465ee728b)
Start importing Assets/Prefabs/PlayerManager 1.prefab using Guid(784335fce04d2214bb1b8d188b855a84) Importer(815301076,1909f56bfc062723c751e8b465ee728b)  -> (artifact id: '9371c38fc4b0ef70dbcc0e625c14e98f') in 0.064966 seconds 
  Import took 0.076496 seconds .

========================================================================
Received Import Request.
  Time since last request: 0.000225 seconds.
  path: Assets/wall.fbx
  artifactKey: Guid(649da0d2bca67ac47b7808ed41853878) Importer(815301076,1909f56bfc062723c751e8b465ee728b)
Start importing Assets/wall.fbx using Guid(649da0d2bca67ac47b7808ed41853878) Importer(815301076,1909f56bfc062723c751e8b465ee728b)  -> (artifact id: 'e8e6b09301076e54da4d7497b6cc708d') in 0.525914 seconds 
  Import took 0.532299 seconds .

========================================================================
Received Import Request.
  Time since last request: 0.000213 seconds.
  path: Assets/Prefabs/ScoreSelectionArea.prefab
  artifactKey: Guid(c53c6157dff8a8e429981e3f3f2a1aef) Importer(815301076,1909f56bfc062723c751e8b465ee728b)
Start importing Assets/Prefabs/ScoreSelectionArea.prefab using Guid(c53c6157dff8a8e429981e3f3f2a1aef) Importer(815301076,1909f56bfc062723c751e8b465ee728b)  -> (artifact id: '59a8f390261d10af111c2ff1d6e70c3d') in 0.030317 seconds 
  Import took 0.036149 seconds .

========================================================================
Received Import Request.
  Time since last request: 0.000187 seconds.
  path: Assets/Prefabs/FastTile.prefab
  artifactKey: Guid(1e82c5f47dedd1f4ebba4285e90400b0) Importer(815301076,1909f56bfc062723c751e8b465ee728b)
Start importing Assets/Prefabs/FastTile.prefab using Guid(1e82c5f47dedd1f4ebba4285e90400b0) Importer(815301076,1909f56bfc062723c751e8b465ee728b)  -> (artifact id: '9652067922e647ba00fc9bfc00c87215') in 0.021774 seconds 
  Import took 0.027531 seconds .

========================================================================
Received Import Request.
  Time since last request: 0.000201 seconds.
  path: Assets/Prefabs/God.prefab
  artifactKey: Guid(c800390e0a390634d9dfe372639f6dea) Importer(815301076,1909f56bfc062723c751e8b465ee728b)
Start importing Assets/Prefabs/God.prefab using Guid(c800390e0a390634d9dfe372639f6dea) Importer(815301076,1909f56bfc062723c751e8b465ee728b)  -> (artifact id: 'e0e7f2c763bf10a6979fa9d4a0f83e66') in 0.029059 seconds 
  Import took 0.034977 seconds .

========================================================================
Received Import Request.
  Time since last request: 0.000192 seconds.
  path: Assets/Prefabs/Smoke.prefab
  artifactKey: Guid(bc42919733a83f14d963d2ac6af1f18c) Importer(815301076,1909f56bfc062723c751e8b465ee728b)
Start importing Assets/Prefabs/Smoke.prefab using Guid(bc42919733a83f14d963d2ac6af1f18c) Importer(815301076,1909f56bfc062723c751e8b465ee728b)  -> (artifact id: 'a2217bec411e4e398fe42622f5d077a6') in 0.027169 seconds 
  Import took 0.033372 seconds .

========================================================================
Received Import Request.
  Time since last request: 0.000246 seconds.
  path: Assets/Prefabs/Reticle.prefab
  artifactKey: Guid(905ce31ffe4c75f4a947cc496ca3bf06) Importer(815301076,1909f56bfc062723c751e8b465ee728b)
Start importing Assets/Prefabs/Reticle.prefab using Guid(905ce31ffe4c75f4a947cc496ca3bf06) Importer(815301076,1909f56bfc062723c751e8b465ee728b)  -> (artifact id: '0cdb090192418889ec241028f87f277f') in 0.020167 seconds 
  Import took 0.026596 seconds .

========================================================================
Received Import Request.
  Time since last request: 0.000206 seconds.
  path: Assets/Prefabs/God 1.prefab
  artifactKey: Guid(32204fa779f23f44cb75013a8dbadefc) Importer(815301076,1909f56bfc062723c751e8b465ee728b)
Start importing Assets/Prefabs/God 1.prefab using Guid(32204fa779f23f44cb75013a8dbadefc) Importer(815301076,1909f56bfc062723c751e8b465ee728b)  -> (artifact id: 'a81f24fccadda7592108955846d75f21') in 0.389660 seconds 
  Import took 0.399508 seconds .

========================================================================
Received Import Request.
  Time since last request: 0.000293 seconds.
  path: Assets/Prefabs/Player.prefab
  artifactKey: Guid(5cff71fe370cf5842abd14f5e3af44c6) Importer(815301076,1909f56bfc062723c751e8b465ee728b)
Start importing Assets/Prefabs/Player.prefab using Guid(5cff71fe370cf5842abd14f5e3af44c6) Importer(815301076,1909f56bfc062723c751e8b465ee728b)  -> (artifact id: '0a64f304c05fc62b34018dd1ef6bcf5b') in 0.160172 seconds 
  Import took 0.176663 seconds .

========================================================================
Received Import Request.
  Time since last request: 0.000216 seconds.
  path: Assets/Prefabs/SelectionArea.prefab
  artifactKey: Guid(256d5f2319f0c754a863c797ca4e724d) Importer(815301076,1909f56bfc062723c751e8b465ee728b)
Start importing Assets/Prefabs/SelectionArea.prefab using Guid(256d5f2319f0c754a863c797ca4e724d) Importer(815301076,1909f56bfc062723c751e8b465ee728b)  -> (artifact id: '437d7ca0df9b64054e3e0534c64de57b') in 0.018271 seconds 
  Import took 0.025037 seconds .

========================================================================
Received Import Request.
  Time since last request: 0.000239 seconds.
  path: Assets/Prefabs/GodTest.prefab
  artifactKey: Guid(843730c4e9d691a4dacca38fed937058) Importer(815301076,1909f56bfc062723c751e8b465ee728b)
Start importing Assets/Prefabs/GodTest.prefab using Guid(843730c4e9d691a4dacca38fed937058) Importer(815301076,1909f56bfc062723c751e8b465ee728b)  -> (artifact id: '5f57d96fbd916ac9664dd6a1796d351d') in 0.020523 seconds 
  Import took 0.026395 seconds .

========================================================================
Received Import Request.
  Time since last request: 0.000287 seconds.
  path: Assets/Prefabs/ThroneTest Variant.prefab
  artifactKey: Guid(764045a0c7a0f334990bca935fa9ff19) Importer(815301076,1909f56bfc062723c751e8b465ee728b)
Start importing Assets/Prefabs/ThroneTest Variant.prefab using Guid(764045a0c7a0f334990bca935fa9ff19) Importer(815301076,1909f56bfc062723c751e8b465ee728b)  -> (artifact id: 'd50c4f72cf3349b74b99c944ac985caf') in 0.021894 seconds 
  Import took 0.028916 seconds .

========================================================================
Received Import Request.
  Time since last request: 0.000237 seconds.
  path: Assets/Prefabs/RespawnPoint.prefab
  artifactKey: Guid(ce919ae9684f6f94f97a47a31eba7541) Importer(815301076,1909f56bfc062723c751e8b465ee728b)
Start importing Assets/Prefabs/RespawnPoint.prefab using Guid(ce919ae9684f6f94f97a47a31eba7541) Importer(815301076,1909f56bfc062723c751e8b465ee728b)  -> (artifact id: '7d6d6f1a8a64274c40a8bdb7e0835bee') in 0.014399 seconds 
  Import took 0.020683 seconds .

========================================================================
Received Import Request.
  Time since last request: 0.000244 seconds.
  path: Assets/Prefabs/Smoke01.fbx
  artifactKey: Guid(9e860cd410412974cb50956dce55edaa) Importer(815301076,1909f56bfc062723c751e8b465ee728b)
Start importing Assets/Prefabs/Smoke01.fbx using Guid(9e860cd410412974cb50956dce55edaa) Importer(815301076,1909f56bfc062723c751e8b465ee728b)  -> (artifact id: 'e6a2f7dc694e34061e28ba10955c9b8e') in 0.026535 seconds 
  Import took 0.032271 seconds .

========================================================================
Received Import Request.
  Time since last request: 0.000226 seconds.
  path: Assets/GodModeScreen.asset
  artifactKey: Guid(f4adeb37c5b76234ebd0c234c9876b5e) Importer(815301076,1909f56bfc062723c751e8b465ee728b)
Start importing Assets/GodModeScreen.asset using Guid(f4adeb37c5b76234ebd0c234c9876b5e) Importer(815301076,1909f56bfc062723c751e8b465ee728b)  -> (artifact id: 'b3321009ced17a7112ddfb9a1723c85e') in 0.012574 seconds 
  Import took 0.018480 seconds .

========================================================================
Received Import Request.
  Time since last request: 0.000247 seconds.
  path: Assets/Prefabs/PlayerManager.prefab
  artifactKey: Guid(d5b59baa941fefe42b6404c5dec01359) Importer(815301076,1909f56bfc062723c751e8b465ee728b)
Start importing Assets/Prefabs/PlayerManager.prefab using Guid(d5b59baa941fefe42b6404c5dec01359) Importer(815301076,1909f56bfc062723c751e8b465ee728b)  -> (artifact id: 'eae6fdec1eecaad8eed4f55fec4e4050') in 0.064558 seconds 
  Import took 0.077895 seconds .

========================================================================
Received Import Request.
  Time since last request: 0.000265 seconds.
  path: Assets/Scenes
  artifactKey: Guid(e2a8fd19d41399347bc4e569ba215f75) Importer(815301076,1909f56bfc062723c751e8b465ee728b)
Start importing Assets/Scenes using Guid(e2a8fd19d41399347bc4e569ba215f75) Importer(815301076,1909f56bfc062723c751e8b465ee728b)  -> (artifact id: '909373a05eb3cc7f702ba3e13f406c88') in 0.009135 seconds 
  Import took 0.015070 seconds .

========================================================================
Received Import Request.
  Time since last request: 0.000237 seconds.
  path: Assets/Prefabs/GodDecoy.prefab
  artifactKey: Guid(1864fd9caa2dd8f49a8a18c3226db741) Importer(815301076,1909f56bfc062723c751e8b465ee728b)
Start importing Assets/Prefabs/GodDecoy.prefab using Guid(1864fd9caa2dd8f49a8a18c3226db741) Importer(815301076,1909f56bfc062723c751e8b465ee728b)  -> (artifact id: '11964c6c9d9e0f439de2bb5db3735455') in 0.017960 seconds 
  Import took 0.023801 seconds .

========================================================================
Received Import Request.
  Time since last request: 0.000224 seconds.
  path: Assets/Prefabs/Spikes.prefab
  artifactKey: Guid(8ec3ed13195b44542bcf523aaac986e0) Importer(815301076,1909f56bfc062723c751e8b465ee728b)
Start importing Assets/Prefabs/Spikes.prefab using Guid(8ec3ed13195b44542bcf523aaac986e0) Importer(815301076,1909f56bfc062723c751e8b465ee728b)  -> (artifact id: '5f4f38dd266a913e7215f2e844518ad6') in 0.011608 seconds 
  Import took 0.017730 seconds .

========================================================================
Received Import Request.
  Time since last request: 0.000236 seconds.
  path: Assets/Prefabs/Throne_emptyMESH.obj
  artifactKey: Guid(16a5f7f8fedc6ea489cdbf020c085900) Importer(815301076,1909f56bfc062723c751e8b465ee728b)
Start importing Assets/Prefabs/Throne_emptyMESH.obj using Guid(16a5f7f8fedc6ea489cdbf020c085900) Importer(815301076,1909f56bfc062723c751e8b465ee728b)  -> (artifact id: '1de4895b45f938ef3b4dba50503a45ea') in 0.177367 seconds 
  Import took 0.182946 seconds .

========================================================================
Received Import Request.
  Time since last request: 0.000230 seconds.
  path: Assets/tile slow.fbx
  artifactKey: Guid(a0f6625587f1ace449d4dcf28de13308) Importer(815301076,1909f56bfc062723c751e8b465ee728b)
Start importing Assets/tile slow.fbx using Guid(a0f6625587f1ace449d4dcf28de13308) Importer(815301076,1909f56bfc062723c751e8b465ee728b)  -> (artifact id: '9520363fdddb0ed3f09265e518cd386c') in 0.517147 seconds 
  Import took 0.523416 seconds .

========================================================================
Received Import Request.
  Time since last request: 0.000227 seconds.
  path: Assets/tile exorcism.fbx
  artifactKey: Guid(515b516d5b4a1624bb1eca8c4c5e2382) Importer(815301076,1909f56bfc062723c751e8b465ee728b)
Start importing Assets/tile exorcism.fbx using Guid(515b516d5b4a1624bb1eca8c4c5e2382) Importer(815301076,1909f56bfc062723c751e8b465ee728b)  -> (artifact id: '7bd3e9fa042d06b182b308456e743565') in 0.506704 seconds 
  Import took 0.513043 seconds .

========================================================================
Received Import Request.
  Time since last request: 0.000296 seconds.
  path: Assets/Prefabs/spirit.prefab
  artifactKey: Guid(84ad5fdc46ee29e4d8b1a9fe22346a0e) Importer(815301076,1909f56bfc062723c751e8b465ee728b)
Start importing Assets/Prefabs/spirit.prefab using Guid(84ad5fdc46ee29e4d8b1a9fe22346a0e) Importer(815301076,1909f56bfc062723c751e8b465ee728b)  -> (artifact id: 'ce83929387c75e17810edde8497c71f1') in 0.013409 seconds 
  Import took 0.019260 seconds .

========================================================================
Received Import Request.
  Time since last request: 0.000228 seconds.
  path: Assets/Prefabs/Canvas.prefab
  artifactKey: Guid(e230ceb05e5faed4aa74407fe60e3e7d) Importer(815301076,1909f56bfc062723c751e8b465ee728b)
Start importing Assets/Prefabs/Canvas.prefab using Guid(e230ceb05e5faed4aa74407fe60e3e7d) Importer(815301076,1909f56bfc062723c751e8b465ee728b)  -> (artifact id: '2c6737e35fd88d7f40df437201c5cda4') in 0.053766 seconds 
  Import took 0.059772 seconds .

========================================================================
Received Import Request.
  Time since last request: 0.000296 seconds.
  path: Assets/Prefabs/Ray.prefab
  artifactKey: Guid(bb27ce5d9bd3bba41a1404da460d0951) Importer(815301076,1909f56bfc062723c751e8b465ee728b)
Start importing Assets/Prefabs/Ray.prefab using Guid(bb27ce5d9bd3bba41a1404da460d0951) Importer(815301076,1909f56bfc062723c751e8b465ee728b)  -> (artifact id: '7f66499f3f345b543cf28e6bf5de2bd0') in 0.012350 seconds 
  Import took 0.018261 seconds .

========================================================================
Received Import Request.
  Time since last request: 0.000218 seconds.
  path: Assets/Prefabs/TimeSelectionArea.prefab
  artifactKey: Guid(bbf15645f29cdb34c860e2d2df861048) Importer(815301076,1909f56bfc062723c751e8b465ee728b)
Start importing Assets/Prefabs/TimeSelectionArea.prefab using Guid(bbf15645f29cdb34c860e2d2df861048) Importer(815301076,1909f56bfc062723c751e8b465ee728b)  -> (artifact id: '8c934ef0aa9a6631d91822b120622828') in 0.018143 seconds 
  Import took 0.023837 seconds .

========================================================================
Received Import Request.
  Time since last request: 0.000207 seconds.
  path: Assets/Readme.asset
  artifactKey: Guid(83c2ed844a8c74b779a4c823d16594b1) Importer(815301076,1909f56bfc062723c751e8b465ee728b)
Start importing Assets/Readme.asset using Guid(83c2ed844a8c74b779a4c823d16594b1) Importer(815301076,1909f56bfc062723c751e8b465ee728b)  -> (artifact id: '8ffd2c44ffeb50c574abb5d0c4453328') in 0.010996 seconds 
  Import took 0.016682 seconds .

========================================================================
Received Prepare
Registering precompiled user dll's ...
Registered in 0.012747 seconds.
Begin MonoManager ReloadAssembly
Native extension for WindowsStandalone target not found
Refreshing native plugins compatible for Editor in 0.78 ms, found 2 plugins.
Preloading 0 native plugins for Editor in 0.00 ms.
Mono: successfully reloaded assembly
- Completed reload, in  1.377 seconds
Domain Reload Profiling:
	ReloadAssembly (1377ms)
		BeginReloadAssembly (155ms)
			ExecutionOrderSort (0ms)
			DisableScriptedObjects (9ms)
			BackupInstance (0ms)
			ReleaseScriptingObjects (0ms)
			CreateAndSetChildDomain (43ms)
		EndReloadAssembly (1148ms)
			LoadAssemblies (113ms)
			RebuildTransferFunctionScriptingTraits (0ms)
			SetupTypeCache (390ms)
			ReleaseScriptCaches (2ms)
			RebuildScriptCaches (71ms)
			SetupLoadedEditorAssemblies (405ms)
				LogAssemblyErrors (0ms)
				InitializePlatformSupportModulesInManaged (4ms)
				SetLoadedEditorAssemblies (1ms)
				RefreshPlugins (1ms)
				BeforeProcessingInitializeOnLoad (117ms)
				ProcessInitializeOnLoadAttributes (256ms)
				ProcessInitializeOnLoadMethodAttributes (13ms)
				AfterProcessingInitializeOnLoad (13ms)
				EditorAssembliesLoaded (0ms)
			ExecutionOrderSort2 (0ms)
			AwakeInstancesAfterBackupRestoration (18ms)
Platform modules already initialized, skipping
Refreshing native plugins compatible for Editor in 1.75 ms, found 2 plugins.
Preloading 0 native plugins for Editor in 0.00 ms.
Unloading 3795 Unused Serialized files (Serialized files now loaded: 0)
System memory in use before: 178.8 MB.
System memory in use after: 179.0 MB.

Unloading 22 unused Assets to reduce memory usage. Loaded Objects now: 4459.
Total: 4.501000 ms (FindLiveObjects: 0.343300 ms CreateObjectMapping: 0.094900 ms MarkObjects: 3.974500 ms  DeleteObjects: 0.086100 ms)

AssetImportParameters requested are different than current active one (requested -> active):
  custom:framework-win-MediaFoundation: 216162199b28c13a410421893ffa2e32 -> 
  custom:video-decoder-ogg-theora: a1e56fd34408186e4bbccfd4996cb3dc -> 
  custom:container-muxer-webm: aa71ff27fc2769a1b78a27578f13a17b -> 
  custom:container-demuxer-webm: 4f35f7cbe854078d1ac9338744f61a02 -> 
  custom:container-demuxer-ogg: 62fdf1f143b41e24485cea50d1cbac27 -> 
  custom:video-encoder-webm-vp8: eb34c28f22e8b96e1ab97ce403110664 -> 
  custom:video-decoder-webm-vp8: 9c59270c3fd7afecdb556c50c9e8de78 -> 
  custom:audio-decoder-ogg-vorbis: bf7c407c2cedff20999df2af8eb42d56 -> 
  custom:audio-encoder-webm-vorbis: bf7c407c2cedff20999df2af8eb42d56 -> 
AssetImportWorkerClient::OnTransportError - code=2 error=End of file
